This is XeTeX, Version 3.141592653-2.6-0.999996 (TeX Live 2024) (preloaded format=xelatex 2024.7.29)  6 AUG 2024 18:18
entering extended mode
 restricted \write18 enabled.
 %&-line parsing enabled.
**autoavaliacao.tex
(./autoavaliacao.tex
LaTeX2e <2023-11-01> patch level 1
L3 programming layer <2024-05-08>
(/Users/asferreira/Library/TinyTeX/texmf-dist/tex/latex/base/book.cls
Document Class: book 2023/05/17 v1.4n Standard LaTeX document class
(/Users/asferreira/Library/TinyTeX/texmf-dist/tex/latex/base/bk10.clo
File: bk10.clo 2023/05/17 v1.4n Standard LaTeX file (size option)
)
\c@part=\count185
\c@chapter=\count186
\c@section=\count187
\c@subsection=\count188
\c@subsubsection=\count189
\c@paragraph=\count190
\c@subparagraph=\count191
\c@figure=\count192
\c@table=\count193
\abovecaptionskip=\skip48
\belowcaptionskip=\skip49
\bibindent=\dimen140
) (/Users/asferreira/Library/TinyTeX/texmf-dist/tex/latex/amsmath/amsmath.sty
Package: amsmath 2023/05/13 v2.17o AMS math features
\@mathmargin=\skip50
For additional information on amsmath, use the `?' option.
(/Users/asferreira/Library/TinyTeX/texmf-dist/tex/latex/amsmath/amstext.sty
Package: amstext 2021/08/26 v2.01 AMS text
(/Users/asferreira/Library/TinyTeX/texmf-dist/tex/latex/amsmath/amsgen.sty
File: amsgen.sty 1999/11/30 v2.0 generic functions
\@emptytoks=\toks17
\ex@=\dimen141
)) (/Users/asferreira/Library/TinyTeX/texmf-dist/tex/latex/amsmath/amsbsy.sty
Package: amsbsy 1999/11/29 v1.2d Bold Symbols
\pmbraise@=\dimen142
) (/Users/asferreira/Library/TinyTeX/texmf-dist/tex/latex/amsmath/amsopn.sty
Package: amsopn 2022/04/08 v2.04 operator names
)
\inf@bad=\count194
LaTeX Info: Redefining \frac on input line 234.
\uproot@=\count195
\leftroot@=\count196
LaTeX Info: Redefining \overline on input line 399.
LaTeX Info: Redefining \colon on input line 410.
\classnum@=\count197
\DOTSCASE@=\count198
LaTeX Info: Redefining \ldots on input line 496.
LaTeX Info: Redefining \dots on input line 499.
LaTeX Info: Redefining \cdots on input line 620.
\Mathstrutbox@=\box51
\strutbox@=\box52
LaTeX Info: Redefining \big on input line 722.
LaTeX Info: Redefining \Big on input line 723.
LaTeX Info: Redefining \bigg on input line 724.
LaTeX Info: Redefining \Bigg on input line 725.
\big@size=\dimen143
LaTeX Font Info:    Redeclaring font encoding OML on input line 743.
LaTeX Font Info:    Redeclaring font encoding OMS on input line 744.
\macc@depth=\count199
LaTeX Info: Redefining \bmod on input line 905.
LaTeX Info: Redefining \pmod on input line 910.
LaTeX Info: Redefining \smash on input line 940.
LaTeX Info: Redefining \relbar on input line 970.
LaTeX Info: Redefining \Relbar on input line 971.
\c@MaxMatrixCols=\count266
\dotsspace@=\muskip16
\c@parentequation=\count267
\dspbrk@lvl=\count268
\tag@help=\toks18
\row@=\count269
\column@=\count270
\maxfields@=\count271
\andhelp@=\toks19
\eqnshift@=\dimen144
\alignsep@=\dimen145
\tagshift@=\dimen146
\tagwidth@=\dimen147
\totwidth@=\dimen148
\lineht@=\dimen149
\@envbody=\toks20
\multlinegap=\skip51
\multlinetaggap=\skip52
\mathdisplay@stack=\toks21
LaTeX Info: Redefining \[ on input line 2953.
LaTeX Info: Redefining \] on input line 2954.
) (/Users/asferreira/Library/TinyTeX/texmf-dist/tex/latex/amsfonts/amssymb.sty
Package: amssymb 2013/01/14 v3.01 AMS font symbols
(/Users/asferreira/Library/TinyTeX/texmf-dist/tex/latex/amsfonts/amsfonts.sty
Package: amsfonts 2013/01/14 v3.01 Basic AMSFonts support
\symAMSa=\mathgroup4
\symAMSb=\mathgroup5
LaTeX Font Info:    Redeclaring math symbol \hbar on input line 98.
LaTeX Font Info:    Overwriting math alphabet `\mathfrak' in version `bold'
(Font)                  U/euf/m/n --> U/euf/b/n on input line 106.
)) (/Users/asferreira/Library/TinyTeX/texmf-dist/tex/generic/iftex/iftex.sty
Package: iftex 2022/02/03 v1.0f TeX engine tests
) (/Users/asferreira/Library/TinyTeX/texmf-dist/tex/latex/unicode-math/unicode-math.sty (/Users/asferreira/Library/TinyTeX/texmf-dist/tex/latex/l3kernel/expl3.sty
Package: expl3 2024-05-08 L3 programming layer (loader) 
(/Users/asferreira/Library/TinyTeX/texmf-dist/tex/latex/l3backend/l3backend-xetex.def
File: l3backend-xetex.def 2024-05-08 L3 backend support: XeTeX
\g__graphics_track_int=\count272
\l__pdf_internal_box=\box53
\g__pdf_backend_annotation_int=\count273
\g__pdf_backend_link_int=\count274
))
Package: unicode-math 2023/08/13 v0.8r Unicode maths in XeLaTeX and LuaLaTeX
(/Users/asferreira/Library/TinyTeX/texmf-dist/tex/latex/unicode-math/unicode-math-xetex.sty
Package: unicode-math-xetex 2023/08/13 v0.8r Unicode maths in XeLaTeX and LuaLaTeX
(/Users/asferreira/Library/TinyTeX/texmf-dist/tex/latex/l3packages/xparse/xparse.sty
Package: xparse 2024-05-08 L3 Experimental document command parser
) (/Users/asferreira/Library/TinyTeX/texmf-dist/tex/latex/l3packages/l3keys2e/l3keys2e.sty
Package: l3keys2e 2024-05-08 LaTeX2e option processing using LaTeX3 keys
) (/Users/asferreira/Library/TinyTeX/texmf-dist/tex/latex/fontspec/fontspec.sty
Package: fontspec 2024/05/11 v2.9e Font selection for XeLaTeX and LuaLaTeX
(/Users/asferreira/Library/TinyTeX/texmf-dist/tex/latex/fontspec/fontspec-xetex.sty
Package: fontspec-xetex 2024/05/11 v2.9e Font selection for XeLaTeX and LuaLaTeX
\l__fontspec_script_int=\count275
\l__fontspec_language_int=\count276
\l__fontspec_strnum_int=\count277
\l__fontspec_tmp_int=\count278
\l__fontspec_tmpa_int=\count279
\l__fontspec_tmpb_int=\count280
\l__fontspec_tmpc_int=\count281
\l__fontspec_em_int=\count282
\l__fontspec_emdef_int=\count283
\l__fontspec_strong_int=\count284
\l__fontspec_strongdef_int=\count285
\l__fontspec_tmpa_dim=\dimen150
\l__fontspec_tmpb_dim=\dimen151
\l__fontspec_tmpc_dim=\dimen152
(/Users/asferreira/Library/TinyTeX/texmf-dist/tex/latex/base/fontenc.sty
Package: fontenc 2021/04/29 v2.0v Standard LaTeX package
) (/Users/asferreira/Library/TinyTeX/texmf-dist/tex/latex/fontspec/fontspec.cfg))) (/Users/asferreira/Library/TinyTeX/texmf-dist/tex/latex/base/fix-cm.sty
Package: fix-cm 2020/11/24 v1.1t fixes to LaTeX
(/Users/asferreira/Library/TinyTeX/texmf-dist/tex/latex/base/ts1enc.def
File: ts1enc.def 2001/06/05 v3.0e (jk/car/fm) Standard LaTeX file
LaTeX Font Info:    Redeclaring font encoding TS1 on input line 47.
))
\g__um_fam_int=\count286
\g__um_fonts_used_int=\count287
\l__um_primecount_int=\count288
\g__um_primekern_muskip=\muskip17
(/Users/asferreira/Library/TinyTeX/texmf-dist/tex/latex/unicode-math/unicode-math-table.tex))) (/Users/asferreira/Library/TinyTeX/texmf-dist/tex/latex/lm/lmodern.sty
Package: lmodern 2015/05/01 v1.6.1 Latin Modern Fonts
LaTeX Font Info:    Overwriting symbol font `operators' in version `normal'
(Font)                  OT1/cmr/m/n --> OT1/lmr/m/n on input line 22.
LaTeX Font Info:    Overwriting symbol font `letters' in version `normal'
(Font)                  OML/cmm/m/it --> OML/lmm/m/it on input line 23.
LaTeX Font Info:    Overwriting symbol font `symbols' in version `normal'
(Font)                  OMS/cmsy/m/n --> OMS/lmsy/m/n on input line 24.
LaTeX Font Info:    Overwriting symbol font `largesymbols' in version `normal'
(Font)                  OMX/cmex/m/n --> OMX/lmex/m/n on input line 25.
LaTeX Font Info:    Overwriting symbol font `operators' in version `bold'
(Font)                  OT1/cmr/bx/n --> OT1/lmr/bx/n on input line 26.
LaTeX Font Info:    Overwriting symbol font `letters' in version `bold'
(Font)                  OML/cmm/b/it --> OML/lmm/b/it on input line 27.
LaTeX Font Info:    Overwriting symbol font `symbols' in version `bold'
(Font)                  OMS/cmsy/b/n --> OMS/lmsy/b/n on input line 28.
LaTeX Font Info:    Overwriting symbol font `largesymbols' in version `bold'
(Font)                  OMX/cmex/m/n --> OMX/lmex/m/n on input line 29.
LaTeX Font Info:    Overwriting math alphabet `\mathbf' in version `normal'
(Font)                  OT1/cmr/bx/n --> OT1/lmr/bx/n on input line 31.
LaTeX Font Info:    Overwriting math alphabet `\mathsf' in version `normal'
(Font)                  OT1/cmss/m/n --> OT1/lmss/m/n on input line 32.
LaTeX Font Info:    Overwriting math alphabet `\mathit' in version `normal'
(Font)                  OT1/cmr/m/it --> OT1/lmr/m/it on input line 33.
LaTeX Font Info:    Overwriting math alphabet `\mathtt' in version `normal'
(Font)                  OT1/cmtt/m/n --> OT1/lmtt/m/n on input line 34.
LaTeX Font Info:    Overwriting math alphabet `\mathbf' in version `bold'
(Font)                  OT1/cmr/bx/n --> OT1/lmr/bx/n on input line 35.
LaTeX Font Info:    Overwriting math alphabet `\mathsf' in version `bold'
(Font)                  OT1/cmss/bx/n --> OT1/lmss/bx/n on input line 36.
LaTeX Font Info:    Overwriting math alphabet `\mathit' in version `bold'
(Font)                  OT1/cmr/bx/it --> OT1/lmr/bx/it on input line 37.
LaTeX Font Info:    Overwriting math alphabet `\mathtt' in version `bold'
(Font)                  OT1/cmtt/m/n --> OT1/lmtt/m/n on input line 38.
) (/Users/asferreira/Library/TinyTeX/texmf-dist/tex/latex/xcolor/xcolor.sty
Package: xcolor 2023/11/15 v3.01 LaTeX color extensions (UK)
(/Users/asferreira/Library/TinyTeX/texmf-dist/tex/latex/graphics-cfg/color.cfg
File: color.cfg 2016/01/02 v1.6 sample color configuration
)
Package xcolor Info: Driver file: xetex.def on input line 274.
(/Users/asferreira/Library/TinyTeX/texmf-dist/tex/latex/graphics-def/xetex.def
File: xetex.def 2022/09/22 v5.0n Graphics/color driver for xetex
) (/Users/asferreira/Library/TinyTeX/texmf-dist/tex/latex/graphics/mathcolor.ltx)
Package xcolor Info: Model `cmy' substituted by `cmy0' on input line 1350.
Package xcolor Info: Model `RGB' extended on input line 1366.
Package xcolor Info: Model `HTML' substituted by `rgb' on input line 1368.
Package xcolor Info: Model `Hsb' substituted by `hsb' on input line 1369.
Package xcolor Info: Model `tHsb' substituted by `hsb' on input line 1370.
Package xcolor Info: Model `HSB' substituted by `hsb' on input line 1371.
Package xcolor Info: Model `Gray' substituted by `gray' on input line 1372.
Package xcolor Info: Model `wave' substituted by `hsb' on input line 1373.
) (/Users/asferreira/Library/TinyTeX/texmf-dist/tex/latex/geometry/geometry.sty
Package: geometry 2020/01/02 v5.9 Page Geometry
(/Users/asferreira/Library/TinyTeX/texmf-dist/tex/latex/graphics/keyval.sty
Package: keyval 2022/05/29 v1.15 key=value parser (DPC)
\KV@toks@=\toks22
) (/Users/asferreira/Library/TinyTeX/texmf-dist/tex/generic/iftex/ifvtex.sty
Package: ifvtex 2019/10/25 v1.7 ifvtex legacy package. Use iftex instead.
)
\Gm@cnth=\count289
\Gm@cntv=\count290
\c@Gm@tempcnt=\count291
\Gm@bindingoffset=\dimen153
\Gm@wd@mp=\dimen154
\Gm@odd@mp=\dimen155
\Gm@even@mp=\dimen156
\Gm@layoutwidth=\dimen157
\Gm@layoutheight=\dimen158
\Gm@layouthoffset=\dimen159
\Gm@layoutvoffset=\dimen160
\Gm@dimlist=\toks23
) (/Users/asferreira/Library/TinyTeX/texmf-dist/tex/latex/tools/longtable.sty
Package: longtable 2023-11-01 v4.19 Multi-page Table package (DPC)
\LTleft=\skip53
\LTright=\skip54
\LTpre=\skip55
\LTpost=\skip56
\LTchunksize=\count292
\LTcapwidth=\dimen161
\LT@head=\box54
\LT@firsthead=\box55
\LT@foot=\box56
\LT@lastfoot=\box57
\LT@gbox=\box58
\LT@cols=\count293
\LT@rows=\count294
\c@LT@tables=\count295
\c@LT@chunks=\count296
\LT@p@ftn=\toks24
) (/Users/asferreira/Library/TinyTeX/texmf-dist/tex/latex/booktabs/booktabs.sty
Package: booktabs 2020/01/12 v1.61803398 Publication quality tables
\heavyrulewidth=\dimen162
\lightrulewidth=\dimen163
\cmidrulewidth=\dimen164
\belowrulesep=\dimen165
\belowbottomsep=\dimen166
\aboverulesep=\dimen167
\abovetopsep=\dimen168
\cmidrulesep=\dimen169
\cmidrulekern=\dimen170
\defaultaddspace=\dimen171
\@cmidla=\count297
\@cmidlb=\count298
\@aboverulesep=\dimen172
\@belowrulesep=\dimen173
\@thisruleclass=\count299
\@lastruleclass=\count300
\@thisrulewidth=\dimen174
) (/Users/asferreira/Library/TinyTeX/texmf-dist/tex/latex/tools/array.sty
Package: array 2023/10/16 v2.5g Tabular extension package (FMi)
\col@sep=\dimen175
\ar@mcellbox=\box59
\extrarowheight=\dimen176
\NC@list=\toks25
\extratabsurround=\skip57
\backup@length=\skip58
\ar@cellbox=\box60
) (/Users/asferreira/Library/TinyTeX/texmf-dist/tex/latex/tools/calc.sty
Package: calc 2023/07/08 v4.3 Infix arithmetic (KKT,FJ)
\calc@Acount=\count301
\calc@Bcount=\count302
\calc@Adimen=\dimen177
\calc@Bdimen=\dimen178
\calc@Askip=\skip59
\calc@Bskip=\skip60
LaTeX Info: Redefining \setlength on input line 80.
LaTeX Info: Redefining \addtolength on input line 81.
\calc@Ccount=\count303
\calc@Cskip=\skip61
) (/Users/asferreira/Library/TinyTeX/texmf-dist/tex/latex/etoolbox/etoolbox.sty
Package: etoolbox 2020/10/05 v2.5k e-TeX tools for LaTeX (JAW)
\etb@tempcnta=\count304
) (/Users/asferreira/Library/TinyTeX/texmf-dist/tex/latex/mdwtools/footnote.sty
Package: footnote 1997/01/28 1.13 Save footnotes around boxes
\fn@notes=\box61
\fn@width=\dimen179
) (/Users/asferreira/Library/TinyTeX/texmf-dist/tex/latex/graphics/graphicx.sty
Package: graphicx 2021/09/16 v1.2d Enhanced LaTeX Graphics (DPC,SPQR)
(/Users/asferreira/Library/TinyTeX/texmf-dist/tex/latex/graphics/graphics.sty
Package: graphics 2022/03/10 v1.4e Standard LaTeX Graphics (DPC,SPQR)
(/Users/asferreira/Library/TinyTeX/texmf-dist/tex/latex/graphics/trig.sty
Package: trig 2021/08/11 v1.11 sin cos tan (DPC)
) (/Users/asferreira/Library/TinyTeX/texmf-dist/tex/latex/graphics-cfg/graphics.cfg
File: graphics.cfg 2016/06/04 v1.11 sample graphics configuration
)
Package graphics Info: Driver file: xetex.def on input line 107.
)
\Gin@req@height=\dimen180
\Gin@req@width=\dimen181
) (/Users/asferreira/Library/TinyTeX/texmf-dist/tex/generic/babel/babel.sty
Package: babel 2024/05/18 v24.5 The Babel package
\babel@savecnt=\count305
\U@D=\dimen182
\l@unhyphenated=\language6
(/Users/asferreira/Library/TinyTeX/texmf-dist/tex/generic/babel/xebabel.def)
\bbl@readstream=\read2
\bbl@dirlevel=\count306
(/Users/asferreira/Library/TinyTeX/texmf-dist/tex/generic/babel-portuges/brazilian.ldf
Language: portuges 2021/07/09 v1.2t Portuguese support from the babel system
Package babel Info: Hyphen rules for 'brazilian' set to \l@portuguese
(babel)             (\language5). Reported on input line 111.
Package babel Info: Making " an active character on input line 143.
)) (/Users/asferreira/Library/TinyTeX/texmf-dist/tex/generic/babel/locale/pt/babel-brazilian.tex
Package babel Info: Importing font and identification data for brazilian
(babel)             from babel-pt-BR.ini. Reported on input line 11.
) (/Users/asferreira/Library/TinyTeX/texmf-dist/tex/latex/base/fontenc.sty
Package: fontenc 2021/04/29 v2.0v Standard LaTeX package
LaTeX Font Info:    Trying to load font information for T1+lmr on input line 112.
(/Users/asferreira/Library/TinyTeX/texmf-dist/tex/latex/lm/t1lmr.fd
File: t1lmr.fd 2015/05/01 v1.6.1 Font defs for Latin Modern
)) (/Users/asferreira/Library/TinyTeX/texmf-dist/tex/latex/base/inputenc.sty
Package: inputenc 2021/02/14 v1.3d Input encoding file
\inpenc@prehook=\toks26
\inpenc@posthook=\toks27

Package inputenc Warning: inputenc package ignored with utf8 based engines.

) (/Users/asferreira/Library/TinyTeX/texmf-dist/tex/latex/academicons/academicons.sty
Package: academicons 2021/11/26 v1.9.1 Academicons Icons
) (/Users/asferreira/Library/TinyTeX/texmf-dist/tex/latex/fontawesome5/fontawesome5.sty
Package: fontawesome5 2022/05/02 v5.15.4 Font Awesome 5
(/Users/asferreira/Library/TinyTeX/texmf-dist/tex/latex/fontawesome5/fontawesome5-utex-helper.sty
Package: fontawesome5-utex-helper 2022/05/02 v5.15.4 uTeX helper for fontawesome5
LaTeX Font Info:    Trying to load font information for TU+fontawesomefree on input line 69.
(/Users/asferreira/Library/TinyTeX/texmf-dist/tex/latex/fontawesome5/tufontawesomefree.fd)
LaTeX Font Info:    Trying to load font information for TU+fontawesomebrands on input line 70.
(/Users/asferreira/Library/TinyTeX/texmf-dist/tex/latex/fontawesome5/tufontawesomebrands.fd))) (/Users/asferreira/Library/TinyTeX/texmf-dist/tex/latex/multirow/multirow.sty
Package: multirow 2021/03/15 v2.8 Span multiple rows of a table
\multirow@colwidth=\skip62
\multirow@cntb=\count307
\multirow@dima=\skip63
\bigstrutjot=\dimen183
) (/Users/asferreira/Library/TinyTeX/texmf-dist/tex/latex/wrapfig/wrapfig.sty
\wrapoverhang=\dimen184
\WF@size=\dimen185
\c@WF@wrappedlines=\count308
\WF@box=\box62
\WF@everypar=\toks28
Package: wrapfig 2003/01/31  v 3.6
) (/Users/asferreira/Library/TinyTeX/texmf-dist/tex/latex/float/float.sty
Package: float 2001/11/08 v1.3d Float enhancements (AL)
\c@float@type=\count309
\float@exts=\toks29
\float@box=\box63
\@float@everytoks=\toks30
\@floatcapt=\box64
) (/Users/asferreira/Library/TinyTeX/texmf-dist/tex/latex/placeins/placeins.sty
Package: placeins 2005/04/18  v 2.2
) (/Users/asferreira/Library/TinyTeX/texmf-dist/tex/latex/colortbl/colortbl.sty
Package: colortbl 2024/02/20 v1.0g Color table columns (DPC)
\everycr=\toks31
\minrowclearance=\skip64
\rownum=\count310
) (/Users/asferreira/Library/TinyTeX/texmf-dist/tex/latex/pdflscape/pdflscape.sty
Package: pdflscape 2022-10-27 v0.13 Display of landscape pages in PDF
(/Users/asferreira/Library/TinyTeX/texmf-dist/tex/latex/pdflscape/pdflscape-nometadata.sty
Package: pdflscape-nometadata 2022-10-28 v0.13 Display of landscape pages in PDF (HO)
(/Users/asferreira/Library/TinyTeX/texmf-dist/tex/latex/graphics/lscape.sty
Package: lscape 2020/05/28 v3.02 Landscape Pages (DPC)
)
Package pdflscape Info: Auto-detected driver: dvipdfm (xetex) on input line 98.
)) (/Users/asferreira/Library/TinyTeX/texmf-dist/tex/latex/tabu/tabu.sty
Package: tabu 2019/01/11 v2.9 - flexible LaTeX tabulars (FC+tabu-fixed)
(/Users/asferreira/Library/TinyTeX/texmf-dist/tex/latex/varwidth/varwidth.sty
Package: varwidth 2009/03/30 ver 0.92;  Variable-width minipages
\@vwid@box=\box65
\sift@deathcycles=\count311
\@vwid@loff=\dimen186
\@vwid@roff=\dimen187
)
\c@taburow=\count312
\tabu@nbcols=\count313
\tabu@cnt=\count314
\tabu@Xcol=\count315
\tabu@alloc=\count316
\tabu@nested=\count317
\tabu@target=\dimen188
\tabu@spreadtarget=\dimen189
\tabu@naturalX=\dimen190
\tabucolX=\dimen191
\tabu@Xsum=\dimen192
\extrarowdepth=\dimen193
\abovetabulinesep=\dimen194
\belowtabulinesep=\dimen195
\tabustrutrule=\dimen196
\tabu@thebody=\toks32
\tabu@footnotes=\toks33
\tabu@box=\box66
\tabu@arstrutbox=\box67
\tabu@hleads=\box68
\tabu@vleads=\box69
\tabu@cellskip=\skip65
) (/Users/asferreira/Library/TinyTeX/texmf-dist/tex/latex/threeparttable/threeparttable.sty
Package: threeparttable 2003/06/13  v 3.0
\@tempboxb=\box70
) (/Users/asferreira/Library/TinyTeX/texmf-dist/tex/latex/threeparttablex/threeparttablex.sty
Package: threeparttablex 2013/07/23 v0.3 by daleif
(/Users/asferreira/Library/TinyTeX/texmf-dist/tex/latex/environ/environ.sty
Package: environ 2014/05/04 v0.3 A new way to define environments
(/Users/asferreira/Library/TinyTeX/texmf-dist/tex/latex/trimspaces/trimspaces.sty
Package: trimspaces 2009/09/17 v1.1 Trim spaces around a token list
))
\TPTL@width=\skip66
) (/Users/asferreira/Library/TinyTeX/texmf-dist/tex/generic/ulem/ulem.sty
\UL@box=\box71
\UL@hyphenbox=\box72
\UL@skip=\skip67
\UL@hook=\toks34
\UL@height=\dimen197
\UL@pe=\count318
\UL@pixel=\dimen198
\ULC@box=\box73
Package: ulem 2019/11/18
\ULdepth=\dimen199
) (/Users/asferreira/Library/TinyTeX/texmf-dist/tex/latex/makecell/makecell.sty
Package: makecell 2009/08/03 V0.1e Managing of Tab Column Heads and Cells
\rotheadsize=\dimen256
\c@nlinenum=\count319
\TeXr@lab=\toks35
) (/Users/asferreira/Library/TinyTeX/texmf-dist/tex/latex/tabularray/tabularray.sty
Package: tabularray 2024-02-16 v2024A Typeset tabulars and arrays with LaTeX3
\l__tblr_a_int=\count320
\l__tblr_c_int=\count321
\l__tblr_r_int=\count322
\l__tblr_d_dim=\dimen257
\l__tblr_h_dim=\dimen258
\l__tblr_o_dim=\dimen259
\l__tblr_p_dim=\dimen260
\l__tblr_q_dim=\dimen261
\l__tblr_r_dim=\dimen262
\l__tblr_s_dim=\dimen263
\l__tblr_t_dim=\dimen264
\l__tblr_v_dim=\dimen265
\l__tblr_w_dim=\dimen266
\l__tblr_a_box=\box74
\l__tblr_b_box=\box75
\l__tblr_c_box=\box76
\l__tblr_d_box=\box77
\g__tblr_table_count_int=\count323
\c@colnum=\count324
\c@rowcount=\count325
\c@colcount=\count326
\abovesep=\dimen267
\belowsep=\dimen268
\leftsep=\dimen269
\rightsep=\dimen270
\g_tblr_level_int=\count327
\g__tblr_data_row_key_count_int=\count328
\g__tblr_data_column_key_count_int=\count329
\g__tblr_data_cell_key_count_int=\count330
\g__tblr_array_int=\count331
\l__tblr_key_count_int=\count332
\l__tblr_key_quotient_int=\count333
\l__tblr_key_quotient_two_int=\count334
\l__tblr_key_remainder_int=\count335
\g__tblr_data_str_value_count_int=\count336
\rulewidth=\dimen271
\l__tblr_strut_dp_dim=\dimen272
\l__tblr_strut_ht_dim=\dimen273
\g__tblr_cell_wd_dim=\dimen274
\g__tblr_cell_ht_dim=\dimen275
\g__tblr_cell_head_dim=\dimen276
\g__tblr_cell_foot_dim=\dimen277
\l__column_target_dim=\dimen278
\l__tblr_caption_box=\box78
\l__tblr_caption_left_box=\box79
\l__tblr_row_head_box=\box80
\l__tblr_row_foot_box=\box81
\l__tblr_row_head_foot_dim=\dimen279
\tablewidth=\dimen280
\l__tblr_table_firsthead_box=\box82
\l__tblr_table_middlehead_box=\box83
\l__tblr_table_lasthead_box=\box84
\l__tblr_table_firstfoot_box=\box85
\l__tblr_table_middlefoot_box=\box86
\l__tblr_table_lastfoot_box=\box87
\l__tblr_remain_height_dim=\dimen281
\l__tblr_long_from_int=\count337
\l__tblr_long_to_int=\count338
\l__tblr_curr_i_int=\count339
\l__tblr_prev_i_int=\count340
\l__tblr_table_page_int=\count341
\l__tblr_table_head_box=\box88
\l__tblr_table_foot_box=\box89
\l__tblr_table_head_foot_dim=\dimen282
\l__tblr_table_head_body_foot_dim=\dimen283
\l__tblr_table_box=\box90
\l__tblr_table_hlines_box=\box91
\l__tblr_hline_box=\box92
\l__tblr_row_box=\box93
\l__tblr_col_o_wd_dim=\dimen284
\l__tblr_col_b_wd_dim=\dimen285
\l__tblr_hline_leftskip_dim=\dimen286
\l__tblr_hline_rightskip_dim=\dimen287
\l__tblr_row_ht_dim=\dimen288
\l__tblr_row_dp_dim=\dimen289
\l__tblr_row_abovesep_dim=\dimen290
\l__tblr_row_belowsep_dim=\dimen291
\l__tblr_row_vlines_box=\box94
\l__tblr_vline_box=\box95
\l__tblr_cell_box=\box96
\l__row_upper_dim=\dimen292
\l__row_lower_dim=\dimen293
\l__row_vpace_dim=\dimen294
\l__tblr_vline_aboveskip_dim=\dimen295
\l__tblr_vline_belowskip_dim=\dimen296
\l__tblr_cell_wd_dim=\dimen297
\l__tblr_cell_ht_dim=\dimen298
\l__tblr_diag_box=\box97
) (/Users/asferreira/Library/TinyTeX/texmf-dist/tex/latex/ltablex/ltablex.sty
Package: ltablex 2014/08/13 v1.1 Modified tabularx
(/Users/asferreira/Library/TinyTeX/texmf-dist/tex/latex/tools/tabularx.sty
Package: tabularx 2023/07/08 v2.11c `tabularx' package (DPC)
\TX@col@width=\dimen299
\TX@old@table=\dimen300
\TX@old@col=\dimen301
\TX@target=\dimen302
\TX@delta=\dimen303
\TX@cols=\count342
\TX@ftn=\toks36
)) (/Users/asferreira/Library/TinyTeX/texmf-dist/tex/latex/letltxmacro/letltxmacro.sty
Package: letltxmacro 2019/12/03 v1.6 Let assignment for LaTeX macros (HO)
) (/Users/asferreira/Library/TinyTeX/texmf-dist/tex/latex/pdfpages/pdfpages.sty
Package: pdfpages 2024/01/21 v0.5y Insert pages of external PDF documents (AM)
(/Users/asferreira/Library/TinyTeX/texmf-dist/tex/latex/base/ifthen.sty
Package: ifthen 2022/04/13 v1.1d Standard LaTeX ifthen package (DPC)
) (/Users/asferreira/Library/TinyTeX/texmf-dist/tex/latex/eso-pic/eso-pic.sty
Package: eso-pic 2023/05/03 v3.0c eso-pic (RN)
\ESO@tempdima=\dimen304
\ESO@tempdimb=\dimen305
)
\AM@pagewidth=\dimen306
\AM@pageheight=\dimen307
\AM@fboxrule=\dimen308
(/Users/asferreira/Library/TinyTeX/texmf-dist/tex/latex/pdfpages/ppxetex.def
File: ppxetex.def 2024/01/21 v0.5y Pdfpages driver for XeTeX (AM)
)
\pdfpages@includegraphics@status=\count343
\AM@pagebox=\box98
\AM@global@opts=\toks37
\AM@pagecnt=\count344
\AM@toc@title=\toks38
\AM@lof@heading=\toks39
\c@AM@survey=\count345
\AM@templatesizebox=\box99
) (/Users/asferreira/Library/TinyTeX/texmf-dist/tex/latex/svg/svg.sty
Package: svg 2020/11/26 v2.02k (include SVG pictures)
(/Users/asferreira/Library/TinyTeX/texmf-dist/tex/latex/koma-script/scrbase.sty
Package: scrbase 2023/07/07 v3.41 KOMA-Script package (KOMA-Script-independent basics and keyval usage)
(/Users/asferreira/Library/TinyTeX/texmf-dist/tex/latex/koma-script/scrlfile.sty
Package: scrlfile 2023/07/07 v3.41 KOMA-Script package (file load hooks)
(/Users/asferreira/Library/TinyTeX/texmf-dist/tex/latex/koma-script/scrlfile-hook.sty
Package: scrlfile-hook 2023/07/07 v3.41 KOMA-Script package (using LaTeX hooks)
(/Users/asferreira/Library/TinyTeX/texmf-dist/tex/latex/koma-script/scrlogo.sty
Package: scrlogo 2023/07/07 v3.41 KOMA-Script package (logo)
)))
Applying: [2021/05/01] Usage of raw or classic option list on input line 252.
Already applied: [0000/00/00] Usage of raw or classic option list on input line 368.
) (/Users/asferreira/Library/TinyTeX/texmf-dist/tex/generic/pdftexcmds/pdftexcmds.sty
Package: pdftexcmds 2020-06-27 v0.33 Utility functions of pdfTeX for LuaTeX (HO)
(/Users/asferreira/Library/TinyTeX/texmf-dist/tex/generic/infwarerr/infwarerr.sty
Package: infwarerr 2019/12/03 v1.5 Providing info/warning/error messages (HO)
) (/Users/asferreira/Library/TinyTeX/texmf-dist/tex/generic/ltxcmds/ltxcmds.sty
Package: ltxcmds 2023-12-04 v1.26 LaTeX kernel commands for general use (HO)
)
Package pdftexcmds Info: \pdf@primitive is available.
Package pdftexcmds Info: \pdf@ifprimitive is available.
Package pdftexcmds Info: \pdfdraftmode not found.
) (/Users/asferreira/Library/TinyTeX/texmf-dist/tex/latex/tools/shellesc.sty
Package: shellesc 2023/07/08 v1.0d unified shell escape interface for LaTeX
Package shellesc Info: Restricted shell escape enabled on input line 77.
)
\c@svg@param@lastpage=\count346
\svg@box=\box100
\c@svg@param@currpage=\count347
) (/Users/asferreira/Library/TinyTeX/texmf-dist/tex/latex/tcolorbox/tcolorbox.sty
Package: tcolorbox 2024/01/10 version 6.2.0 text color boxes
(/Users/asferreira/Library/TinyTeX/texmf-dist/tex/latex/pgf/basiclayer/pgf.sty (/Users/asferreira/Library/TinyTeX/texmf-dist/tex/latex/pgf/utilities/pgfrcs.sty (/Users/asferreira/Library/TinyTeX/texmf-dist/tex/generic/pgf/utilities/pgfutil-common.tex
\pgfutil@everybye=\toks40
\pgfutil@tempdima=\dimen309
\pgfutil@tempdimb=\dimen310
) (/Users/asferreira/Library/TinyTeX/texmf-dist/tex/generic/pgf/utilities/pgfutil-latex.def
\pgfutil@abb=\box101
) (/Users/asferreira/Library/TinyTeX/texmf-dist/tex/generic/pgf/utilities/pgfrcs.code.tex (/Users/asferreira/Library/TinyTeX/texmf-dist/tex/generic/pgf/pgf.revision.tex)
Package: pgfrcs 2023-01-15 v3.1.10 (3.1.10)
))
Package: pgf 2023-01-15 v3.1.10 (3.1.10)
(/Users/asferreira/Library/TinyTeX/texmf-dist/tex/latex/pgf/basiclayer/pgfcore.sty (/Users/asferreira/Library/TinyTeX/texmf-dist/tex/latex/pgf/systemlayer/pgfsys.sty (/Users/asferreira/Library/TinyTeX/texmf-dist/tex/generic/pgf/systemlayer/pgfsys.code.tex
Package: pgfsys 2023-01-15 v3.1.10 (3.1.10)
(/Users/asferreira/Library/TinyTeX/texmf-dist/tex/generic/pgf/utilities/pgfkeys.code.tex
\pgfkeys@pathtoks=\toks41
\pgfkeys@temptoks=\toks42
(/Users/asferreira/Library/TinyTeX/texmf-dist/tex/generic/pgf/utilities/pgfkeyslibraryfiltered.code.tex
\pgfkeys@tmptoks=\toks43
))
\pgf@x=\dimen311
\pgf@y=\dimen312
\pgf@xa=\dimen313
\pgf@ya=\dimen314
\pgf@xb=\dimen315
\pgf@yb=\dimen316
\pgf@xc=\dimen317
\pgf@yc=\dimen318
\pgf@xd=\dimen319
\pgf@yd=\dimen320
\w@pgf@writea=\write3
\r@pgf@reada=\read3
\c@pgf@counta=\count348
\c@pgf@countb=\count349
\c@pgf@countc=\count350
\c@pgf@countd=\count351
\t@pgf@toka=\toks44
\t@pgf@tokb=\toks45
\t@pgf@tokc=\toks46
\pgf@sys@id@count=\count352
(/Users/asferreira/Library/TinyTeX/texmf-dist/tex/generic/pgf/systemlayer/pgf.cfg
File: pgf.cfg 2023-01-15 v3.1.10 (3.1.10)
)
Driver file for pgf: pgfsys-xetex.def
(/Users/asferreira/Library/TinyTeX/texmf-dist/tex/generic/pgf/systemlayer/pgfsys-xetex.def
File: pgfsys-xetex.def 2023-01-15 v3.1.10 (3.1.10)
(/Users/asferreira/Library/TinyTeX/texmf-dist/tex/generic/pgf/systemlayer/pgfsys-dvipdfmx.def
File: pgfsys-dvipdfmx.def 2023-01-15 v3.1.10 (3.1.10)
(/Users/asferreira/Library/TinyTeX/texmf-dist/tex/generic/pgf/systemlayer/pgfsys-common-pdf.def
File: pgfsys-common-pdf.def 2023-01-15 v3.1.10 (3.1.10)
)
\pgfsys@objnum=\count353
))) (/Users/asferreira/Library/TinyTeX/texmf-dist/tex/generic/pgf/systemlayer/pgfsyssoftpath.code.tex
File: pgfsyssoftpath.code.tex 2023-01-15 v3.1.10 (3.1.10)
\pgfsyssoftpath@smallbuffer@items=\count354
\pgfsyssoftpath@bigbuffer@items=\count355
) (/Users/asferreira/Library/TinyTeX/texmf-dist/tex/generic/pgf/systemlayer/pgfsysprotocol.code.tex
File: pgfsysprotocol.code.tex 2023-01-15 v3.1.10 (3.1.10)
)) (/Users/asferreira/Library/TinyTeX/texmf-dist/tex/generic/pgf/basiclayer/pgfcore.code.tex
Package: pgfcore 2023-01-15 v3.1.10 (3.1.10)
(/Users/asferreira/Library/TinyTeX/texmf-dist/tex/generic/pgf/math/pgfmath.code.tex (/Users/asferreira/Library/TinyTeX/texmf-dist/tex/generic/pgf/math/pgfmathutil.code.tex) (/Users/asferreira/Library/TinyTeX/texmf-dist/tex/generic/pgf/math/pgfmathparser.code.tex
\pgfmath@dimen=\dimen321
\pgfmath@count=\count356
\pgfmath@box=\box102
\pgfmath@toks=\toks47
\pgfmath@stack@operand=\toks48
\pgfmath@stack@operation=\toks49
) (/Users/asferreira/Library/TinyTeX/texmf-dist/tex/generic/pgf/math/pgfmathfunctions.code.tex) (/Users/asferreira/Library/TinyTeX/texmf-dist/tex/generic/pgf/math/pgfmathfunctions.basic.code.tex) (/Users/asferreira/Library/TinyTeX/texmf-dist/tex/generic/pgf/math/pgfmathfunctions.trigonometric.code.tex) (/Users/asferreira/Library/TinyTeX/texmf-dist/tex/generic/pgf/math/pgfmathfunctions.random.code.tex) (/Users/asferreira/Library/TinyTeX/texmf-dist/tex/generic/pgf/math/pgfmathfunctions.comparison.code.tex) (/Users/asferreira/Library/TinyTeX/texmf-dist/tex/generic/pgf/math/pgfmathfunctions.base.code.tex) (/Users/asferreira/Library/TinyTeX/texmf-dist/tex/generic/pgf/math/pgfmathfunctions.round.code.tex) (/Users/asferreira/Library/TinyTeX/texmf-dist/tex/generic/pgf/math/pgfmathfunctions.misc.code.tex) (/Users/asferreira/Library/TinyTeX/texmf-dist/tex/generic/pgf/math/pgfmathfunctions.integerarithmetics.code.tex) (/Users/asferreira/Library/TinyTeX/texmf-dist/tex/generic/pgf/math/pgfmathcalc.code.tex) (/Users/asferreira/Library/TinyTeX/texmf-dist/tex/generic/pgf/math/pgfmathfloat.code.tex
\c@pgfmathroundto@lastzeros=\count357
)) (/Users/asferreira/Library/TinyTeX/texmf-dist/tex/generic/pgf/math/pgfint.code.tex) (/Users/asferreira/Library/TinyTeX/texmf-dist/tex/generic/pgf/basiclayer/pgfcorepoints.code.tex
File: pgfcorepoints.code.tex 2023-01-15 v3.1.10 (3.1.10)
\pgf@picminx=\dimen322
\pgf@picmaxx=\dimen323
\pgf@picminy=\dimen324
\pgf@picmaxy=\dimen325
\pgf@pathminx=\dimen326
\pgf@pathmaxx=\dimen327
\pgf@pathminy=\dimen328
\pgf@pathmaxy=\dimen329
\pgf@xx=\dimen330
\pgf@xy=\dimen331
\pgf@yx=\dimen332
\pgf@yy=\dimen333
\pgf@zx=\dimen334
\pgf@zy=\dimen335
) (/Users/asferreira/Library/TinyTeX/texmf-dist/tex/generic/pgf/basiclayer/pgfcorepathconstruct.code.tex
File: pgfcorepathconstruct.code.tex 2023-01-15 v3.1.10 (3.1.10)
\pgf@path@lastx=\dimen336
\pgf@path@lasty=\dimen337
) (/Users/asferreira/Library/TinyTeX/texmf-dist/tex/generic/pgf/basiclayer/pgfcorepathusage.code.tex
File: pgfcorepathusage.code.tex 2023-01-15 v3.1.10 (3.1.10)
\pgf@shorten@end@additional=\dimen338
\pgf@shorten@start@additional=\dimen339
) (/Users/asferreira/Library/TinyTeX/texmf-dist/tex/generic/pgf/basiclayer/pgfcorescopes.code.tex
File: pgfcorescopes.code.tex 2023-01-15 v3.1.10 (3.1.10)
\pgfpic=\box103
\pgf@hbox=\box104
\pgf@layerbox@main=\box105
\pgf@picture@serial@count=\count358
) (/Users/asferreira/Library/TinyTeX/texmf-dist/tex/generic/pgf/basiclayer/pgfcoregraphicstate.code.tex
File: pgfcoregraphicstate.code.tex 2023-01-15 v3.1.10 (3.1.10)
\pgflinewidth=\dimen340
) (/Users/asferreira/Library/TinyTeX/texmf-dist/tex/generic/pgf/basiclayer/pgfcoretransformations.code.tex
File: pgfcoretransformations.code.tex 2023-01-15 v3.1.10 (3.1.10)
\pgf@pt@x=\dimen341
\pgf@pt@y=\dimen342
\pgf@pt@temp=\dimen343
) (/Users/asferreira/Library/TinyTeX/texmf-dist/tex/generic/pgf/basiclayer/pgfcorequick.code.tex
File: pgfcorequick.code.tex 2023-01-15 v3.1.10 (3.1.10)
) (/Users/asferreira/Library/TinyTeX/texmf-dist/tex/generic/pgf/basiclayer/pgfcoreobjects.code.tex
File: pgfcoreobjects.code.tex 2023-01-15 v3.1.10 (3.1.10)
) (/Users/asferreira/Library/TinyTeX/texmf-dist/tex/generic/pgf/basiclayer/pgfcorepathprocessing.code.tex
File: pgfcorepathprocessing.code.tex 2023-01-15 v3.1.10 (3.1.10)
) (/Users/asferreira/Library/TinyTeX/texmf-dist/tex/generic/pgf/basiclayer/pgfcorearrows.code.tex
File: pgfcorearrows.code.tex 2023-01-15 v3.1.10 (3.1.10)
\pgfarrowsep=\dimen344
) (/Users/asferreira/Library/TinyTeX/texmf-dist/tex/generic/pgf/basiclayer/pgfcoreshade.code.tex
File: pgfcoreshade.code.tex 2023-01-15 v3.1.10 (3.1.10)
\pgf@max=\dimen345
\pgf@sys@shading@range@num=\count359
\pgf@shadingcount=\count360
) (/Users/asferreira/Library/TinyTeX/texmf-dist/tex/generic/pgf/basiclayer/pgfcoreimage.code.tex
File: pgfcoreimage.code.tex 2023-01-15 v3.1.10 (3.1.10)
) (/Users/asferreira/Library/TinyTeX/texmf-dist/tex/generic/pgf/basiclayer/pgfcoreexternal.code.tex
File: pgfcoreexternal.code.tex 2023-01-15 v3.1.10 (3.1.10)
\pgfexternal@startupbox=\box106
) (/Users/asferreira/Library/TinyTeX/texmf-dist/tex/generic/pgf/basiclayer/pgfcorelayers.code.tex
File: pgfcorelayers.code.tex 2023-01-15 v3.1.10 (3.1.10)
) (/Users/asferreira/Library/TinyTeX/texmf-dist/tex/generic/pgf/basiclayer/pgfcoretransparency.code.tex
File: pgfcoretransparency.code.tex 2023-01-15 v3.1.10 (3.1.10)
) (/Users/asferreira/Library/TinyTeX/texmf-dist/tex/generic/pgf/basiclayer/pgfcorepatterns.code.tex
File: pgfcorepatterns.code.tex 2023-01-15 v3.1.10 (3.1.10)
) (/Users/asferreira/Library/TinyTeX/texmf-dist/tex/generic/pgf/basiclayer/pgfcorerdf.code.tex
File: pgfcorerdf.code.tex 2023-01-15 v3.1.10 (3.1.10)
))) (/Users/asferreira/Library/TinyTeX/texmf-dist/tex/generic/pgf/modules/pgfmoduleshapes.code.tex
File: pgfmoduleshapes.code.tex 2023-01-15 v3.1.10 (3.1.10)
\pgfnodeparttextbox=\box107
) (/Users/asferreira/Library/TinyTeX/texmf-dist/tex/generic/pgf/modules/pgfmoduleplot.code.tex
File: pgfmoduleplot.code.tex 2023-01-15 v3.1.10 (3.1.10)
) (/Users/asferreira/Library/TinyTeX/texmf-dist/tex/latex/pgf/compatibility/pgfcomp-version-0-65.sty
Package: pgfcomp-version-0-65 2023-01-15 v3.1.10 (3.1.10)
\pgf@nodesepstart=\dimen346
\pgf@nodesepend=\dimen347
) (/Users/asferreira/Library/TinyTeX/texmf-dist/tex/latex/pgf/compatibility/pgfcomp-version-1-18.sty
Package: pgfcomp-version-1-18 2023-01-15 v3.1.10 (3.1.10)
)) (/Users/asferreira/Library/TinyTeX/texmf-dist/tex/latex/tools/verbatim.sty
Package: verbatim 2023-11-06 v1.5v LaTeX2e package for verbatim enhancements
\every@verbatim=\toks50
\verbatim@line=\toks51
\verbatim@in@stream=\read4
)
\tcb@titlebox=\box108
\tcb@upperbox=\box109
\tcb@lowerbox=\box110
\tcb@phantombox=\box111
\c@tcbbreakpart=\count361
\c@tcblayer=\count362
\c@tcolorbox@number=\count363
\l__tcobox_tmpa_box=\box112
\l__tcobox_tmpa_dim=\dimen348
\tcb@temp=\box113
\tcb@temp=\box114
\tcb@temp=\box115
\tcb@temp=\box116
) (/Users/asferreira/Library/TinyTeX/texmf-dist/tex/latex/titlesec/titlesec.sty
Package: titlesec 2023/10/27 v2.16 Sectioning titles
\ttl@box=\box117
\beforetitleunit=\skip68
\aftertitleunit=\skip69
\ttl@plus=\dimen349
\ttl@minus=\dimen350
\ttl@toksa=\toks52
\titlewidth=\dimen351
\titlewidthlast=\dimen352
\titlewidthfirst=\dimen353
) (/Users/asferreira/Library/TinyTeX/texmf-dist/tex/latex/tocloft/tocloft.sty
Package: tocloft 2017/08/31 v2.3i parameterised ToC, etc., typesetting
Package tocloft Info: The document has chapter divisions on input line 51.
\cftparskip=\skip70
\cftbeforetoctitleskip=\skip71
\cftaftertoctitleskip=\skip72
\cftbeforepartskip=\skip73
\cftpartnumwidth=\skip74
\cftpartindent=\skip75
\cftbeforechapskip=\skip76
\cftchapindent=\skip77
\cftchapnumwidth=\skip78
\cftbeforesecskip=\skip79
\cftsecindent=\skip80
\cftsecnumwidth=\skip81
\cftbeforesubsecskip=\skip82
\cftsubsecindent=\skip83
\cftsubsecnumwidth=\skip84
\cftbeforesubsubsecskip=\skip85
\cftsubsubsecindent=\skip86
\cftsubsubsecnumwidth=\skip87
\cftbeforeparaskip=\skip88
\cftparaindent=\skip89
\cftparanumwidth=\skip90
\cftbeforesubparaskip=\skip91
\cftsubparaindent=\skip92
\cftsubparanumwidth=\skip93
\cftbeforeloftitleskip=\skip94
\cftafterloftitleskip=\skip95
\cftbeforefigskip=\skip96
\cftfigindent=\skip97
\cftfignumwidth=\skip98
\c@lofdepth=\count364
\c@lotdepth=\count365
\cftbeforelottitleskip=\skip99
\cftafterlottitleskip=\skip100
\cftbeforetabskip=\skip101
\cfttabindent=\skip102
\cfttabnumwidth=\skip103
) (/Users/asferreira/Library/TinyTeX/texmf-dist/tex/latex/url/url.sty
\Urlmuskip=\muskip18
Package: url 2013/09/16  ver 3.4  Verb mode for urls, etc.
) (/Users/asferreira/Library/TinyTeX/texmf-dist/tex/latex/hyperref/hyperref.sty
Package: hyperref 2024-01-20 v7.01h Hypertext links for LaTeX
(/Users/asferreira/Library/TinyTeX/texmf-dist/tex/latex/kvsetkeys/kvsetkeys.sty
Package: kvsetkeys 2022-10-05 v1.19 Key value parser (HO)
) (/Users/asferreira/Library/TinyTeX/texmf-dist/tex/generic/kvdefinekeys/kvdefinekeys.sty
Package: kvdefinekeys 2019-12-19 v1.6 Define keys (HO)
) (/Users/asferreira/Library/TinyTeX/texmf-dist/tex/generic/pdfescape/pdfescape.sty
Package: pdfescape 2019/12/09 v1.15 Implements pdfTeX's escape features (HO)
) (/Users/asferreira/Library/TinyTeX/texmf-dist/tex/latex/hycolor/hycolor.sty
Package: hycolor 2020-01-27 v1.10 Color options for hyperref/bookmark (HO)
) (/Users/asferreira/Library/TinyTeX/texmf-dist/tex/latex/auxhook/auxhook.sty
Package: auxhook 2019-12-17 v1.6 Hooks for auxiliary files (HO)
) (/Users/asferreira/Library/TinyTeX/texmf-dist/tex/latex/hyperref/nameref.sty
Package: nameref 2023-11-26 v2.56 Cross-referencing by name of section
(/Users/asferreira/Library/TinyTeX/texmf-dist/tex/latex/refcount/refcount.sty
Package: refcount 2019/12/15 v3.6 Data extraction from label references (HO)
) (/Users/asferreira/Library/TinyTeX/texmf-dist/tex/generic/gettitlestring/gettitlestring.sty
Package: gettitlestring 2019/12/15 v1.6 Cleanup title references (HO)
(/Users/asferreira/Library/TinyTeX/texmf-dist/tex/latex/kvoptions/kvoptions.sty
Package: kvoptions 2022-06-15 v3.15 Key value format for package options (HO)
))
\c@section@level=\count366
)
\@linkdim=\dimen354
\Hy@linkcounter=\count367
\Hy@pagecounter=\count368
(/Users/asferreira/Library/TinyTeX/texmf-dist/tex/latex/hyperref/pd1enc.def
File: pd1enc.def 2024-01-20 v7.01h Hyperref: PDFDocEncoding definition (HO)
) (/Users/asferreira/Library/TinyTeX/texmf-dist/tex/generic/intcalc/intcalc.sty
Package: intcalc 2019/12/15 v1.3 Expandable calculations with integers (HO)
)
\Hy@SavedSpaceFactor=\count369
(/Users/asferreira/Library/TinyTeX/texmf-dist/tex/latex/hyperref/puenc.def
File: puenc.def 2024-01-20 v7.01h Hyperref: PDF Unicode definition (HO)
)
Package hyperref Info: Option `unicode' set `true' on input line 4062.
Package hyperref Info: Hyper figures OFF on input line 4179.
Package hyperref Info: Link nesting OFF on input line 4184.
Package hyperref Info: Hyper index ON on input line 4187.
Package hyperref Info: Plain pages OFF on input line 4194.
Package hyperref Info: Backreferencing OFF on input line 4199.
Package hyperref Info: Implicit mode ON; LaTeX internals redefined.
Package hyperref Info: Bookmarks ON on input line 4446.
\c@Hy@tempcnt=\count370
LaTeX Info: Redefining \url on input line 4784.
\XeTeXLinkMargin=\dimen355
(/Users/asferreira/Library/TinyTeX/texmf-dist/tex/generic/bitset/bitset.sty
Package: bitset 2019/12/09 v1.3 Handle bit-vector datatype (HO)
(/Users/asferreira/Library/TinyTeX/texmf-dist/tex/generic/bigintcalc/bigintcalc.sty
Package: bigintcalc 2019/12/15 v1.5 Expandable calculations on big integers (HO)
))
\Fld@menulength=\count371
\Field@Width=\dimen356
\Fld@charsize=\dimen357
Package hyperref Info: Hyper figures OFF on input line 6063.
Package hyperref Info: Link nesting OFF on input line 6068.
Package hyperref Info: Hyper index ON on input line 6071.
Package hyperref Info: backreferencing OFF on input line 6078.
Package hyperref Info: Link coloring OFF on input line 6083.
Package hyperref Info: Link coloring with OCG OFF on input line 6088.
Package hyperref Info: PDF/A mode OFF on input line 6093.
(/Users/asferreira/Library/TinyTeX/texmf-dist/tex/latex/base/atbegshi-ltx.sty
Package: atbegshi-ltx 2021/01/10 v1.0c Emulation of the original atbegshi
package with kernel methods
)
\Hy@abspage=\count372
\c@Item=\count373
\c@Hfootnote=\count374
)
Package hyperref Info: Driver (autodetected): hxetex.
(/Users/asferreira/Library/TinyTeX/texmf-dist/tex/latex/hyperref/hxetex.def
File: hxetex.def 2024-01-20 v7.01h Hyperref driver for XeTeX
(/Users/asferreira/Library/TinyTeX/texmf-dist/tex/generic/stringenc/stringenc.sty
Package: stringenc 2019/11/29 v1.12 Convert strings between diff. encodings (HO)
)
\pdfm@box=\box118
\c@Hy@AnnotLevel=\count375
\HyField@AnnotCount=\count376
\Fld@listcount=\count377
\c@bookmark@seq@number=\count378
(/Users/asferreira/Library/TinyTeX/texmf-dist/tex/latex/rerunfilecheck/rerunfilecheck.sty
Package: rerunfilecheck 2022-07-10 v1.10 Rerun checks for auxiliary files (HO)
(/Users/asferreira/Library/TinyTeX/texmf-dist/tex/latex/base/atveryend-ltx.sty
Package: atveryend-ltx 2020/08/19 v1.0a Emulation of the original atveryend package
with kernel methods
) (/Users/asferreira/Library/TinyTeX/texmf-dist/tex/generic/uniquecounter/uniquecounter.sty
Package: uniquecounter 2019/12/15 v1.4 Provide unlimited unique counter (HO)
)
Package uniquecounter Info: New unique counter `rerunfilecheck' on input line 285.
)
\Hy@SectionHShift=\skip104
) (/Users/asferreira/Library/TinyTeX/texmf-dist/tex/latex/draftwatermark/draftwatermark.sty
Package: draftwatermark 2024/03/04 3.3 Put a gray textual watermark on document pages
) (/Users/asferreira/Library/TinyTeX/texmf-dist/tex/latex/bookmark/bookmark.sty
Package: bookmark 2023-12-10 v1.31 PDF bookmarks (HO)
(/Users/asferreira/Library/TinyTeX/texmf-dist/tex/latex/bookmark/bkm-dvipdfm.def
File: bkm-dvipdfm.def 2023-12-10 v1.31 bookmark driver for dvipdfm (HO)
\BKM@id=\count379
)) (./autoavaliacao.aux

LaTeX Warning: Label `tab:1-1-1-PP-DP' multiply defined.


LaTeX Warning: Label `tab:1-1-1-docentes' multiply defined.


LaTeX Warning: Label `tab:1-1-1-posdoutorandos' multiply defined.

)
\openout1 = `autoavaliacao.aux'.

LaTeX Font Info:    Checking defaults for OML/cmm/m/it on input line 169.
LaTeX Font Info:    ... okay on input line 169.
LaTeX Font Info:    Checking defaults for OMS/cmsy/m/n on input line 169.
LaTeX Font Info:    ... okay on input line 169.
LaTeX Font Info:    Checking defaults for OT1/cmr/m/n on input line 169.
LaTeX Font Info:    ... okay on input line 169.
LaTeX Font Info:    Checking defaults for T1/cmr/m/n on input line 169.
LaTeX Font Info:    ... okay on input line 169.
LaTeX Font Info:    Checking defaults for TS1/cmr/m/n on input line 169.
LaTeX Font Info:    ... okay on input line 169.
LaTeX Font Info:    Checking defaults for TU/lmr/m/n on input line 169.
LaTeX Font Info:    ... okay on input line 169.
LaTeX Font Info:    Checking defaults for OMX/cmex/m/n on input line 169.
LaTeX Font Info:    ... okay on input line 169.
LaTeX Font Info:    Checking defaults for U/cmr/m/n on input line 169.
LaTeX Font Info:    ... okay on input line 169.
LaTeX Font Info:    Checking defaults for PD1/pdf/m/n on input line 169.
LaTeX Font Info:    ... okay on input line 169.
LaTeX Font Info:    Checking defaults for PU/pdf/m/n on input line 169.
LaTeX Font Info:    ... okay on input line 169.
LaTeX Font Info:    Overwriting math alphabet `\mathrm' in version `normal'
(Font)                  OT1/lmr/m/n --> TU/lmr/m/n on input line 169.
LaTeX Font Info:    Overwriting math alphabet `\mathit' in version `normal'
(Font)                  OT1/lmr/m/it --> TU/lmr/m/it on input line 169.
LaTeX Font Info:    Overwriting math alphabet `\mathbf' in version `normal'
(Font)                  OT1/lmr/bx/n --> TU/lmr/bx/n on input line 169.
LaTeX Font Info:    Overwriting math alphabet `\mathsf' in version `normal'
(Font)                  OT1/lmss/m/n --> TU/lmss/m/n on input line 169.
LaTeX Font Info:    Overwriting math alphabet `\mathsf' in version `bold'
(Font)                  OT1/lmss/bx/n --> TU/lmss/bx/n on input line 169.
LaTeX Font Info:    Overwriting math alphabet `\mathtt' in version `normal'
(Font)                  OT1/lmtt/m/n --> TU/lmtt/m/n on input line 169.
LaTeX Font Info:    Overwriting math alphabet `\mathtt' in version `bold'
(Font)                  OT1/lmtt/m/n --> TU/lmtt/bx/n on input line 169.

Package fontspec Info: 
(fontspec)             latinmodern-math scale = 0.9989520677190833.


Package fontspec Info: 
(fontspec)             latinmodern-math scale = 0.9989520677190833.


Package fontspec Info: 
(fontspec)             latinmodern-math scale = 0.9989520677190833.


Package fontspec Info: 
(fontspec)             Font family 'latinmodern-math.otf(0)' created for font
(fontspec)             'latinmodern-math.otf' with options
(fontspec)             [Scale=MatchLowercase,BoldItalicFont={},ItalicFont={},SmallCapsFont={},Script=Math,BoldFont={latinmodern-math.otf}].
(fontspec)              
(fontspec)              This font family consists of the following NFSS
(fontspec)             series/shapes:
(fontspec)              
(fontspec)             - 'normal' (m/n) with NFSS spec.:
(fontspec)             <->s*[0.9989520677190833]"[latinmodern-math.otf]/OT:script=math;language=dflt;"
(fontspec)             - 'bold' (b/n) with NFSS spec.:
(fontspec)             <->s*[0.9989520677190833]"[latinmodern-math.otf]/OT:script=math;language=dflt;"

LaTeX Font Info:    Trying to load font information for T1+latinmodern-math.otf(0) on input line 169.
LaTeX Font Info:    No file T1latinmodern-math.otf(0).fd. on input line 169.

LaTeX Font Warning: Font shape `T1/latinmodern-math.otf(0)/m/n' undefined
(Font)              using `T1/cmr/m/n' instead on input line 169.


Package unicode-math Warning: The first font loaded by unicode-math must be an
(unicode-math)                OpenType Math font (with script=math). If you
(unicode-math)                simply want ‘the default’ before loading
(unicode-math)                supplementary fonts over the top for certain
(unicode-math)                ranges, use: 
(unicode-math)                  \setmathfont{latinmodern-math.otf}


Package fontspec Info: 
(fontspec)             latinmodern-math scale = 0.9989520677190833.


Package fontspec Info: 
(fontspec)             latinmodern-math scale = 0.9989520677190833.


Package fontspec Info: 
(fontspec)             latinmodern-math scale = 0.9989520677190833.


Package fontspec Info: 
(fontspec)             latinmodern-math scale = 0.9989520677190833.


Package fontspec Info: 
(fontspec)             latinmodern-math scale = 0.9989520677190833.


Package fontspec Info: 
(fontspec)             Font family 'latinmodern-math.otf(1)' created for font
(fontspec)             'latinmodern-math.otf' with options
(fontspec)             [Scale=MatchLowercase,BoldItalicFont={},ItalicFont={},SmallCapsFont={},Script=Math,SizeFeatures={{Size=0-},{Size=0-0,Font=latinmodern-math.otf,Style=MathScript},{Size=-0,Font=latinmodern-math.otf,Style=MathScriptScript}},BoldFont={latinmodern-math.otf}].
(fontspec)              
(fontspec)              This font family consists of the following NFSS
(fontspec)             series/shapes:
(fontspec)              
(fontspec)             - 'normal' (m/n) with NFSS spec.:
(fontspec)             <0->s*[0.9989520677190833]"[latinmodern-math.otf]/OT:script=math;language=dflt;"<0-0>s*[0.9989520677190833]"[latinmodern-math.otf]/OT:script=math;language=dflt;+ssty=0;"<-0>s*[0.9989520677190833]"[latinmodern-math.otf]/OT:script=math;language=dflt;+ssty=1;"
(fontspec)             - 'bold' (b/n) with NFSS spec.:
(fontspec)             <->s*[0.9989520677190833]"[latinmodern-math.otf]/OT:script=math;language=dflt;"

LaTeX Font Info:    Trying to load font information for T1+latinmodern-math.otf(1) on input line 169.
LaTeX Font Info:    No file T1latinmodern-math.otf(1).fd. on input line 169.

LaTeX Font Warning: Font shape `T1/latinmodern-math.otf(1)/m/n' undefined
(Font)              using `T1/cmr/m/n' instead on input line 169.

LaTeX Font Info:    Encoding `OT1' has changed to `T1' for symbol font
(Font)              `operators' in the math version `normal' on input line 169.
LaTeX Font Info:    Overwriting symbol font `operators' in version `normal'
(Font)                  OT1/lmr/m/n --> T1/latinmodern-math.otf(1)/m/n on input line 169.
LaTeX Font Info:    Encoding `OT1' has changed to `T1' for symbol font
(Font)              `operators' in the math version `bold' on input line 169.
LaTeX Font Info:    Overwriting symbol font `operators' in version `bold'
(Font)                  OT1/lmr/bx/n --> T1/latinmodern-math.otf(1)/b/n on input line 169.
*geometry* driver: auto-detecting
*geometry* detected driver: xetex
*geometry* verbose mode - [ preamble ] result:
* driver: xetex
* paper: a4paper
* layout: <same size as paper>
* layoutoffset:(h,v)=(0.0pt,0.0pt)
* modes: 
* h-part:(L,W,R)=(56.9055pt, 483.69687pt, 56.9055pt)
* v-part:(T,H,B)=(56.9055pt, 731.23584pt, 56.9055pt)
* \paperwidth=597.50787pt
* \paperheight=845.04684pt
* \textwidth=483.69687pt
* \textheight=731.23584pt
* \oddsidemargin=-15.36449pt
* \evensidemargin=-15.36449pt
* \topmargin=-45.43198pt
* \headheight=12.0pt
* \headsep=18.06749pt
* \topskip=10.0pt
* \footskip=25.29494pt
* \marginparwidth=61.0pt
* \marginparsep=7.0pt
* \columnsep=10.0pt
* \skip\footins=9.0pt plus 4.0pt minus 2.0pt
* \hoffset=0.0pt
* \voffset=0.0pt
* \mag=1000
* \@twocolumnfalse
* \@twosidefalse
* \@mparswitchfalse
* \@reversemarginfalse
* (1in=72.27pt=25.4mm, 1cm=28.453pt)

(/Users/asferreira/Library/TinyTeX/texmf-dist/tex/latex/ninecolors/ninecolors.sty
Package: ninecolors 2022-02-13 v2022D Select colors with proper color contrast
)
Package hyperref Info: Link coloring OFF on input line 169.
File: PPG/Images/Cover-1.pdf Graphic file (type pdf)
<use PPG/Images/Cover-1.pdf>
File: PPG/Images/Cover-1.pdf Graphic file (type pdf)
<use PPG/Images/Cover-1.pdf>
File: PPG/Images/Cover-1.pdf Graphic file (type pdf)
<use PPG/Images/Cover-1.pdf, page 1>
File: PPG/Images/Cover-1.pdf Graphic file (type pdf)
<use PPG/Images/Cover-1.pdf, page 1>
File: PPG/Images/Cover-1.pdf Graphic file (type pdf)
<use PPG/Images/Cover-1.pdf, page 1>
File: PPG/Images/Cover-1.pdf Graphic file (type pdf)
<use PPG/Images/Cover-1.pdf, page 1>
File: PPG/Images/Cover-1.pdf Graphic file (type pdf)
<use PPG/Images/Cover-1.pdf, page 1>
[1



]
File: PPG/Images/Cover-2.pdf Graphic file (type pdf)
<use PPG/Images/Cover-2.pdf>
File: PPG/Images/Cover-2.pdf Graphic file (type pdf)
<use PPG/Images/Cover-2.pdf>
File: PPG/Images/Cover-2.pdf Graphic file (type pdf)
<use PPG/Images/Cover-2.pdf, page 1>
File: PPG/Images/Cover-2.pdf Graphic file (type pdf)
<use PPG/Images/Cover-2.pdf, page 1>
File: PPG/Images/Cover-2.pdf Graphic file (type pdf)
<use PPG/Images/Cover-2.pdf, page 1>
File: PPG/Images/Cover-2.pdf Graphic file (type pdf)
<use PPG/Images/Cover-2.pdf, page 1>
File: PPG/Images/Cover-2.pdf Graphic file (type pdf)
<use PPG/Images/Cover-2.pdf, page 1>
[2

] (./autoavaliacao.toc
LaTeX Font Info:    Trying to load font information for OML+lmm on input line 2.
(/Users/asferreira/Library/TinyTeX/texmf-dist/tex/latex/lm/omllmm.fd
File: omllmm.fd 2015/05/01 v1.6.1 Font defs for Latin Modern
)
LaTeX Font Info:    Trying to load font information for OMS+lmsy on input line 2.
(/Users/asferreira/Library/TinyTeX/texmf-dist/tex/latex/lm/omslmsy.fd
File: omslmsy.fd 2015/05/01 v1.6.1 Font defs for Latin Modern
)
LaTeX Font Info:    Trying to load font information for OMX+lmex on input line 2.
(/Users/asferreira/Library/TinyTeX/texmf-dist/tex/latex/lm/omxlmex.fd
File: omxlmex.fd 2015/05/01 v1.6.1 Font defs for Latin Modern
)
LaTeX Font Info:    External font `lmex10' loaded for size
(Font)              <10> on input line 2.
LaTeX Font Info:    External font `lmex10' loaded for size
(Font)              <7> on input line 2.
LaTeX Font Info:    External font `lmex10' loaded for size
(Font)              <5> on input line 2.
LaTeX Font Info:    Trying to load font information for U+msa on input line 2.
(/Users/asferreira/Library/TinyTeX/texmf-dist/tex/latex/amsfonts/umsa.fd
File: umsa.fd 2013/01/14 v3.01 AMS symbols A
)
LaTeX Font Info:    Trying to load font information for U+msb on input line 2.
(/Users/asferreira/Library/TinyTeX/texmf-dist/tex/latex/amsfonts/umsb.fd
File: umsb.fd 2013/01/14 v3.01 AMS symbols B
))
\tf@toc=\write4
\openout4 = `autoavaliacao.toc'.

[3] [1



] [2] [3] [4] [5] [6] [7]
Missing character: There is no – ("2013) in font ec-lmr10!
Missing character: There is no – ("2013) in font ec-lmr10!

Overfull \hbox (7.40057pt too wide) in paragraph at lines 530--530
 []\T1/lmr/m/n/10 Caracterização 
 []


Overfull \hbox (16.42857pt too wide) in paragraph at lines 530--530
 []\T1/lmr/m/n/10 Desenvolvimento 
 []


Overfull \hbox (5.42787pt too wide) in paragraph at lines 530--530
 \T1/lmr/m/n/10 Aprendizagem 
 []


Overfull \hbox (0.53871pt too wide) in paragraph at lines 530--530
 []\T1/lmr/m/n/10 Biomecânica, 
 []


Overfull \hbox (14.03862pt too wide) in paragraph at lines 530--530
 []\T1/lmr/m/n/10 Comportamento 
 []


Overfull \hbox (16.42857pt too wide) in paragraph at lines 530--530
 []\T1/lmr/m/n/10 Desenvolvimento 
 []


Overfull \hbox (2.48386pt too wide) in paragraph at lines 530--530
 []\T1/lmr/m/n/10 Fononcologia: 
 []


Overfull \hbox (8.59485pt too wide) in paragraph at lines 530--530
 []\T1/lmr/m/n/10 Funcionalidade 
 []


Overfull \hbox (11.6503pt too wide) in paragraph at lines 530--530
 []\T1/lmr/m/n/10 Fundamentação 
 []

Missing character: There is no – ("2013) in font ec-lmr10!

Overfull \hbox (9.01091pt too wide) in paragraph at lines 530--530
 []\T1/lmr/m/n/10 Implementação 
 []


Overfull \hbox (16.26115pt too wide) in paragraph at lines 530--530
 []\T1/lmr/m/n/10 Neuromodulação 
 []


Overfull \hbox (7.6226pt too wide) in paragraph at lines 530--530
 []\T1/lmr/m/n/10 Processamento 
 []


Overfull \hbox (7.6226pt too wide) in paragraph at lines 530--530
 []\T1/lmr/m/n/10 Processamento 
 []

[8]
Overfull \vbox (15271.42026pt too high) has occurred while \output is active []


Overfull \vbox (24194.65608pt too high) has occurred while \output is active []

[9] [10] [11] [12]
Overfull \vbox (355.11508pt too high) has occurred while \output is active []

[13] [14] [15] [16]
Overfull \hbox (11.27757pt too wide) in paragraph at lines 764--764
[]\T1/lmr/m/n/10 Disciplina|  
 []


Overfull \hbox (18.6389pt too wide) in paragraph at lines 764--764
[]\T1/lmr/m/n/10 Obrigatória 
 []


Overfull \hbox (18.6389pt too wide) in paragraph at lines 764--764
[]\T1/lmr/m/n/10 Obrigatória 
 []


Overfull \hbox (36.15245pt too wide) in paragraph at lines 764--764
[]\T1/lmr/m/n/10 ABORDAGEM 
 []


Overfull \hbox (43.65254pt too wide) in paragraph at lines 764--764
\T1/lmr/m/n/10 ERGONÔMICA- 
 []


Overfull \hbox (70.66548pt too wide) in paragraph at lines 764--764
\T1/lmr/m/n/10 FISIOTERAPÊUTICA 
 []


Overfull \hbox (36.15245pt too wide) in paragraph at lines 764--764
[]\T1/lmr/m/n/10 ABORDAGEM 
 []


Overfull \hbox (43.65254pt too wide) in paragraph at lines 764--764
\T1/lmr/m/n/10 ERGONÔMICA- 
 []


Overfull \hbox (70.66548pt too wide) in paragraph at lines 764--764
\T1/lmr/m/n/10 FISIOTERAPÊUTICA 
 []


Overfull \hbox (36.15245pt too wide) in paragraph at lines 764--764
[]\T1/lmr/m/n/10 ABORDAGEM 
 []


Overfull \hbox (43.65254pt too wide) in paragraph at lines 764--764
\T1/lmr/m/n/10 ERGONÔMICA- 
 []


Overfull \hbox (70.66548pt too wide) in paragraph at lines 764--764
\T1/lmr/m/n/10 FISIOTERAPÊUTICA 
 []


Overfull \hbox (36.15245pt too wide) in paragraph at lines 764--764
[]\T1/lmr/m/n/10 ABORDAGEM 
 []


Overfull \hbox (43.65254pt too wide) in paragraph at lines 764--764
\T1/lmr/m/n/10 ERGONÔMICA- 
 []


Overfull \hbox (70.66548pt too wide) in paragraph at lines 764--764
\T1/lmr/m/n/10 FISIOTERAPÊUTICA 
 []


Overfull \hbox (12.74954pt too wide) in paragraph at lines 764--764
[]\T1/lmr/m/n/10 ANÁLISE 
 []


Overfull \hbox (12.74954pt too wide) in paragraph at lines 764--764
[]\T1/lmr/m/n/10 ANÁLISE 
 []


Overfull \hbox (1.63887pt too wide) in paragraph at lines 764--764
\T1/lmr/m/n/10 QUAN- 
 []


Overfull \hbox (2.74977pt too wide) in paragraph at lines 764--764
\T1/lmr/m/n/10 SAÚDE|  
 []


Overfull \hbox (72.05592pt too wide) in paragraph at lines 764--764
[]\T1/lmr/m/n/10 APROFUNDAMENTO 
 []


Overfull \hbox (72.05592pt too wide) in paragraph at lines 764--764
[]\T1/lmr/m/n/10 APROFUNDAMENTO 
 []


Overfull \hbox (19.5553pt too wide) in paragraph at lines 764--764
\T1/lmr/m/n/10 AUDIÇÃO- 
 []


Overfull \hbox (22.47153pt too wide) in paragraph at lines 764--764
[]\T1/lmr/m/n/10 ASPECTOS 
 []


Overfull \hbox (0.52757pt too wide) in paragraph at lines 764--764
\T1/lmr/m/n/10 APRO- 
 []


Overfull \hbox (22.47153pt too wide) in paragraph at lines 764--764
[]\T1/lmr/m/n/10 ASPECTOS 
 []


Overfull \hbox (6.50003pt too wide) in paragraph at lines 764--764
\T1/lmr/m/n/10 MENTO 
 []


Overfull \hbox (2.74977pt too wide) in paragraph at lines 764--764
\T1/lmr/m/n/10 SAÚDE|  
 []


Overfull \hbox (22.47153pt too wide) in paragraph at lines 764--764
[]\T1/lmr/m/n/10 ASPECTOS 
 []


Overfull \hbox (6.50003pt too wide) in paragraph at lines 764--764
\T1/lmr/m/n/10 MENTO 
 []


Overfull \hbox (22.47153pt too wide) in paragraph at lines 764--764
[]\T1/lmr/m/n/10 ASPECTOS 
 []


Overfull \hbox (6.50003pt too wide) in paragraph at lines 764--764
\T1/lmr/m/n/10 MENTO 
 []


Overfull \hbox (22.47153pt too wide) in paragraph at lines 764--764
[]\T1/lmr/m/n/10 ASPECTOS 
 []


Overfull \hbox (22.47153pt too wide) in paragraph at lines 764--764
[]\T1/lmr/m/n/10 ASPECTOS 
 []


Overfull \hbox (41.63843pt too wide) in paragraph at lines 764--764
[]\T1/lmr/m/n/10 ATUALIDADES 
 []


Overfull \hbox (2.74977pt too wide) in paragraph at lines 764--764
\T1/lmr/m/n/10 SAÚDE|  
 []


Overfull \hbox (16.36078pt too wide) in paragraph at lines 764--764
[]\T1/lmr/m/n/10 AVANÇOS 
 []


Overfull \hbox (65.10965pt too wide) in paragraph at lines 764--764
[]\T1/lmr/m/n/10 CARACTERIZAÇÃO 
 []


Overfull \hbox (19.5553pt too wide) in paragraph at lines 764--764
\T1/lmr/m/n/10 AUDIÇÃO- 
 []


Overfull \hbox (45.38821pt too wide) in paragraph at lines 764--764
\T1/lmr/m/n/10 CORRELAÇÕES 
 []


Overfull \hbox (65.10965pt too wide) in paragraph at lines 764--764
[]\T1/lmr/m/n/10 CARACTERIZAÇÃO 
 []


Overfull \hbox (18.44472pt too wide) in paragraph at lines 764--764
[]\T1/lmr/m/n/10 ENFOQUE 
 []


Overfull \hbox (16.08304pt too wide) in paragraph at lines 764--764
[]\T1/lmr/m/n/10 ESTUDOS 
 []


Overfull \hbox (2.74979pt too wide) in paragraph at lines 764--764
\T1/lmr/m/n/10 QUISA: 
 []


Overfull \hbox (35.94345pt too wide) in paragraph at lines 764--764
\T1/lmr/m/n/10 PUBLICAÇÃO|  
 []


Overfull \hbox (47.403pt too wide) in paragraph at lines 764--764
[]\T1/lmr/m/n/10 METODOLOGIA 
 []


Overfull \hbox (47.403pt too wide) in paragraph at lines 764--764
[]\T1/lmr/m/n/10 METODOLOGIA 
 []


Overfull \hbox (19.97252pt too wide) in paragraph at lines 764--764
[]\T1/lmr/m/n/10 MÉTODOS 
 []


Overfull \hbox (37.33282pt too wide) in paragraph at lines 764--764
[]\T1/lmr/m/n/10 PATOMETRIA 
 []


Overfull \hbox (37.33282pt too wide) in paragraph at lines 764--764
[]\T1/lmr/m/n/10 PATOMETRIA 
 []


Overfull \hbox (37.33282pt too wide) in paragraph at lines 764--764
[]\T1/lmr/m/n/10 PATOMETRIA 
 []


Overfull \hbox (30.80496pt too wide) in paragraph at lines 764--764
[]\T1/lmr/m/n/10 PEDAGOGIA 
 []


Overfull \hbox (2.74977pt too wide) in paragraph at lines 764--764
\T1/lmr/m/n/10 SAÚDE|  
 []


Overfull \hbox (30.80496pt too wide) in paragraph at lines 764--764
[]\T1/lmr/m/n/10 PEDAGOGIA 
 []


Overfull \hbox (2.74977pt too wide) in paragraph at lines 764--764
\T1/lmr/m/n/10 SAÚDE|  
 []


Overfull \hbox (30.80496pt too wide) in paragraph at lines 764--764
[]\T1/lmr/m/n/10 PEDAGOGIA 
 []


Overfull \hbox (30.80496pt too wide) in paragraph at lines 764--764
[]\T1/lmr/m/n/10 PEDAGOGIA 
 []


Overfull \hbox (19.13852pt too wide) in paragraph at lines 764--764
[]\T1/lmr/m/n/10 PESQUISA 
 []


Overfull \hbox (19.13852pt too wide) in paragraph at lines 764--764
[]\T1/lmr/m/n/10 PESQUISA 
 []


Overfull \hbox (6.50003pt too wide) in paragraph at lines 764--764
\T1/lmr/m/n/10 MENTO 
 []


Overfull \hbox (6.50003pt too wide) in paragraph at lines 764--764
\T1/lmr/m/n/10 MENTO 
 []


Overfull \hbox (6.50003pt too wide) in paragraph at lines 764--764
\T1/lmr/m/n/10 MENTO 
 []


Overfull \hbox (19.13852pt too wide) in paragraph at lines 764--764
[]\T1/lmr/m/n/10 PESQUISA 
 []


Overfull \hbox (19.13852pt too wide) in paragraph at lines 764--764
[]\T1/lmr/m/n/10 PESQUISA 
 []


Overfull \hbox (19.13852pt too wide) in paragraph at lines 764--764
[]\T1/lmr/m/n/10 PESQUISA 
 []


Overfull \hbox (19.13852pt too wide) in paragraph at lines 764--764
[]\T1/lmr/m/n/10 PESQUISA 
 []


Overfull \hbox (19.13852pt too wide) in paragraph at lines 764--764
[]\T1/lmr/m/n/10 PESQUISA 
 []


Overfull \hbox (27.888pt too wide) in paragraph at lines 764--764
[]\T1/lmr/m/n/10 PRINCÍPIOS 
 []


Overfull \hbox (60.8052pt too wide) in paragraph at lines 764--764
[]\T1/lmr/m/n/10 PROCESSAMENTO 
 []


Overfull \hbox (46.08209pt too wide) in paragraph at lines 764--764
[]\T1/lmr/m/n/10 REABILITAÇÃO 
 []


Overfull \hbox (75.73538pt too wide) in paragraph at lines 764--764
[]\T1/lmr/m/n/10 REGULAMENTAÇÕES 
 []


Overfull \hbox (2.74977pt too wide) in paragraph at lines 764--764
[]\T1/lmr/m/n/10 SAÚDE 
 []


Overfull \hbox (13.99951pt too wide) in paragraph at lines 764--764
[]\T1/lmr/m/n/10 TÓPICOS 
 []


Overfull \vbox (6935.75508pt too high) has occurred while \output is active []

[17] [18] [19] [20] [21] [22] [23] [24] [25] [26] [27] [28] [29] [30] [31] [32] [33] [34]
Overfull \hbox (330.69063pt too wide) in paragraph at lines 951--1036
 [][] 
 []


LaTeX Warning: Float too large for page by 382.61366pt on input line 1036.

[35] [36] [37] [38] [39] [40] [41]
Overfull \hbox (27.03993pt too wide) in paragraph at lines 1086--1132
 [][] 
 []

[42] [43] [44] [45] [46] [47] (./autoavaliacao.aux)
 ***********
LaTeX2e <2023-11-01> patch level 1
L3 programming layer <2024-05-08>
 ***********

LaTeX Font Warning: Some font shapes were not available, defaults substituted.


LaTeX Warning: There were multiply-defined labels.

 ) 
Here is how much of TeX's memory you used:
 35849 strings out of 476632
 697427 string characters out of 5798129
 2169556 words of memory out of 5000000
 57453 multiletter control sequences out of 15000+600000
 594537 words of font info for 71 fonts, out of 8000000 for 9000
 16 hyphenation exceptions out of 8191
 94i,19n,122p,491b,500s stack positions out of 10000i,1000n,20000p,200000b,200000s

Output written on autoavaliacao.pdf (50 pages).
